Start testing: Dec 20 12:10 CET
----------------------------------------------------------
1/4 Testing: filedatos_gtests
1/4 Test: filedatos_gtests
Command: "/home/javier/Escritorio/equipo406-1/build/tests/filedatos_test"
Directory: /home/javier/Escritorio/equipo406-1/build/tests
"filedatos_gtests" start time: Dec 20 12:10 CET
Output:
----------------------------------------------------------
[==========] Running 2 tests from 1 test suite.
[----------] Global test environment set-up.
[----------] 2 tests from Filedatos
[ RUN      ] Filedatos.filedatos_obtener_datos
Usuario Encontrado

[       OK ] Filedatos.filedatos_obtener_datos (0 ms)
[ RUN      ] Filedatos.file_obtener_datos2
[       OK ] Filedatos.file_obtener_datos2 (0 ms)
[----------] 2 tests from Filedatos (0 ms total)

[----------] Global test environment tear-down
[==========] 2 tests from 1 test suite ran. (0 ms total)
[  PASSED  ] 2 tests.
<end of output>
Test time =   0.00 sec
----------------------------------------------------------
Test Passed.
"filedatos_gtests" end time: Dec 20 12:10 CET
"filedatos_gtests" time elapsed: 00:00:00
----------------------------------------------------------

2/4 Testing: usuarioReg_gtests
2/4 Test: usuarioReg_gtests
Command: "/home/javier/Escritorio/equipo406-1/build/tests/usuarioReg_test"
Directory: /home/javier/Escritorio/equipo406-1/build/tests
"usuarioReg_gtests" start time: Dec 20 12:10 CET
Output:
----------------------------------------------------------
[==========] Running 1 test from 1 test suite.
[----------] Global test environment set-up.
[----------] 1 test from UsuarioRegistrado
[ RUN      ] UsuarioRegistrado.constructor
[       OK ] UsuarioRegistrado.constructor (0 ms)
[----------] 1 test from UsuarioRegistrado (0 ms total)

[----------] Global test environment tear-down
[==========] 1 test from 1 test suite ran. (0 ms total)
[  PASSED  ] 1 test.
<end of output>
Test time =   0.00 sec
----------------------------------------------------------
Test Passed.
"usuarioReg_gtests" end time: Dec 20 12:10 CET
"usuarioReg_gtests" time elapsed: 00:00:00
----------------------------------------------------------

3/4 Testing: filecurso_gtests
3/4 Test: filecurso_gtests
Command: "/home/javier/Escritorio/equipo406-1/build/tests/filecurso_test"
Directory: /home/javier/Escritorio/equipo406-1/build/tests
"filecurso_gtests" start time: Dec 20 12:10 CET
Output:
----------------------------------------------------------
[==========] Running 2 tests from 1 test suite.
[----------] Global test environment set-up.
[----------] 2 tests from filecurso
[ RUN      ] filecurso.leer_datos_curso
[       OK ] filecurso.leer_datos_curso (0 ms)
[ RUN      ] filecurso.vector_cursos
[       OK ] filecurso.vector_cursos (0 ms)
[----------] 2 tests from filecurso (0 ms total)

[----------] Global test environment tear-down
[==========] 2 tests from 1 test suite ran. (0 ms total)
[  PASSED  ] 2 tests.
<end of output>
Test time =   0.00 sec
----------------------------------------------------------
Test Passed.
"filecurso_gtests" end time: Dec 20 12:10 CET
"filecurso_gtests" time elapsed: 00:00:00
----------------------------------------------------------

4/4 Testing: filelogin_gtests
4/4 Test: filelogin_gtests
Command: "/home/javier/Escritorio/equipo406-1/build/tests/filelogin_test"
Directory: /home/javier/Escritorio/equipo406-1/build/tests
"filelogin_gtests" start time: Dec 20 12:10 CET
Output:
----------------------------------------------------------
[==========] Running 1 test from 1 test suite.
[----------] Global test environment set-up.
[----------] 1 test from filelogin
[ RUN      ] filelogin.filelogin_buscar_usuario
[       OK ] filelogin.filelogin_buscar_usuario (0 ms)
[----------] 1 test from filelogin (0 ms total)

[----------] Global test environment tear-down
[==========] 1 test from 1 test suite ran. (0 ms total)
[  PASSED  ] 1 test.
<end of output>
Test time =   0.01 sec
----------------------------------------------------------
Test Passed.
"filelogin_gtests" end time: Dec 20 12:10 CET
"filelogin_gtests" time elapsed: 00:00:00
----------------------------------------------------------

End testing: Dec 20 12:10 CET
